<?xml version="1.0" encoding="UTF-8"?>
<!-- Generated by org.testng.reporters.JUnitXMLReporter -->
<testsuite hostname="DESKTOP-P4V00TR" ignored="0" name="Test" tests="7" failures="4" timestamp="08 Apr 2018 17:53:04 GMT" time="29.042" errors="0">
  <testcase name="EmptyUIDPasswordTest" time="1.406" classname="softtest.LoginTest">
    <failure type="junit.framework.AssertionFailedError" message="expected:&amp;lt;Dashboard&amp;gt; but was:&amp;lt;[[ChromeDriver: chrome on XP (0c421901e76300866c5714b41cdc7750)] -&amp;gt; xpath: //h1[@class=&amp;apos;h2&amp;apos;][contains(text(),&amp;apos;Dashboard&amp;apos;)]]&amp;gt;">
      <![CDATA[junit.framework.AssertionFailedError: expected:<Dashboard> but was:<[[ChromeDriver: chrome on XP (0c421901e76300866c5714b41cdc7750)] -> xpath: //h1[@class='h2'][contains(text(),'Dashboard')]]]]><![CDATA[>
at junit.framework.Assert.fail(Assert.java:47)
at junit.framework.Assert.failNotEquals(Assert.java:282)
at junit.framework.Assert.assertEquals(Assert.java:64)
at junit.framework.Assert.assertEquals(Assert.java:71)
at softtest.LoginTest.EmptyUIDPasswordTest(LoginTest.java:97)
... Removed 25 stack frames]]>
    </failure>
  </testcase> <!-- EmptyUIDPasswordTest -->
  <testcase name="NegativeUIDPasswordTest" time="0.491" classname="softtest.LoginTest">
    <failure type="junit.framework.AssertionFailedError" message="expected:&amp;lt;Dashboard&amp;gt; but was:&amp;lt;[[ChromeDriver: chrome on XP (0c421901e76300866c5714b41cdc7750)] -&amp;gt; xpath: //h1[@class=&amp;apos;h2&amp;apos;][contains(text(),&amp;apos;Dashboard&amp;apos;)]]&amp;gt;">
      <![CDATA[junit.framework.AssertionFailedError: expected:<Dashboard> but was:<[[ChromeDriver: chrome on XP (0c421901e76300866c5714b41cdc7750)] -> xpath: //h1[@class='h2'][contains(text(),'Dashboard')]]]]><![CDATA[>
at junit.framework.Assert.fail(Assert.java:47)
at junit.framework.Assert.failNotEquals(Assert.java:282)
at junit.framework.Assert.assertEquals(Assert.java:64)
at junit.framework.Assert.assertEquals(Assert.java:71)
at softtest.LoginTest.NegativeUIDPasswordTest(LoginTest.java:75)
... Removed 25 stack frames]]>
    </failure>
  </testcase> <!-- NegativeUIDPasswordTest -->
  <testcase name="PositiveTest" time="0.596" classname="softtest.LoginTest"/>
  <testcase name="SignoutTest" time="1.393" classname="softtest.LogoutTest">
    <failure type="junit.framework.AssertionFailedError" message="Testfail">
      <![CDATA[junit.framework.AssertionFailedError: Testfail
at junit.framework.Assert.fail(Assert.java:47)
at junit.framework.Assert.assertTrue(Assert.java:20)
at junit.framework.Assert.assertFalse(Assert.java:34)
at softtest.LogoutTest.SignoutTest(LogoutTest.java:52)
... Removed 25 stack frames]]>
    </failure>
  </testcase> <!-- SignoutTest -->
  <testcase name="displayCurrencyFxRateTest" time="6.653" classname="softtest.DashboardTest"/>
  <testcase name="displayCurrencyTest" time="6.144" classname="softtest.DashboardTest"/>
  <testcase name="notDisplayedCurrencyTest" time="2.273" classname="softtest.DashboardTest">
    <failure type="junit.framework.AssertionFailedError" message="expected:&amp;lt;0&amp;gt; but was:&amp;lt;32&amp;gt;">
      <![CDATA[junit.framework.AssertionFailedError: expected:<0> but was:<32>
at junit.framework.Assert.fail(Assert.java:47)
at junit.framework.Assert.failNotEquals(Assert.java:282)
at junit.framework.Assert.assertEquals(Assert.java:64)
at junit.framework.Assert.assertEquals(Assert.java:201)
at junit.framework.Assert.assertEquals(Assert.java:207)
at softtest.DashboardTest.notDisplayedCurrencyTest(DashboardTest.java:76)
... Removed 25 stack frames]]>
    </failure>
  </testcase> <!-- notDisplayedCurrencyTest -->
</testsuite> <!-- Test -->
